initializing
feature 1 of 222: u'-1'
getting field values
generating zones
generating weights
initializing
feature 1 of 222: u'-1'
getting field values
generating zones
generating weights
summarizing statistics
summarizing statistics
summarizing statistics
summarizing statistics
feature 2 of 222: u'Afghanistan'
getting field values
generating zones
generating weights
summarizing statistics
summarizing statistics
summarizing statistics
summarizing statistics
feature 3 of 222: u'Akrotiri Sovereign Base Area'
getting field values
generating zones
generating weights
summarizing statistics
summarizing statistics
summarizing statistics
summarizing statistics
feature 4 of 222: u'Aland'
getting field values
generating zones
generating weights
summarizing statistics
summarizing statistics
summarizing statistics
summarizing statistics
feature 5 of 222: u'Albania'
getting field values
generating zones
generating weights
summarizing statistics
summarizing statistics
summarizing statistics
summarizing statistics
feature 6 of 222: u'Algeria'
getting field values
generating zones
generating weights
summarizing statistics
summarizing statistics
summarizing statistics
summarizing statistics
feature 7 of 222: u'Andorra'
getting field values
generating zones
generating weights
summarizing statistics
summarizing statistics
summarizing statistics
summarizing statistics
feature 8 of 222: u'Angola'
getting field values
generating zones
generating weights
summarizing statistics
summarizing statistics
summarizing statistics
summarizing statistics
feature 9 of 222: u'Anguilla'
getting field values
generating zones
generating weights
warning: no meaningful overlap
warning: no meaningful overlap
warning: no meaningful overlap
warning: no meaningful overlap
feature 10 of 222: u'Antigua and Barbuda'
getting field values
generating zones
generating weights
summarizing statistics
summarizing statistics
summarizing statistics
summarizing statistics
feature 11 of 222: u'Argentina'
getting field values
generating zones
generating weights
summarizing statistics
summarizing statistics
summarizing statistics
summarizing statistics
feature 12 of 222: u'Armenia'
getting field values
generating zones
generating weights
summarizing statistics
summarizing statistics
summarizing statistics
summarizing statistics
feature 13 of 222: u'Aruba'
getting field values
generating zones
generating weights
warning: no meaningful overlap
warning: no meaningful overlap
warning: no meaningful overlap
warning: no meaningful overlap
feature 14 of 222: u'Australia'
getting field values
generating zones
generating weights
summarizing statistics
summarizing statistics
summarizing statistics
summarizing statistics
feature 15 of 222: u'Austria'
getting field values
generating zones
generating weights
summarizing statistics
summarizing statistics
summarizing statistics
summarizing statistics
feature 16 of 222: u'Azerbaijan'
getting field values
generating zones
generating weights
summarizing statistics
summarizing statistics
summarizing statistics
summarizing statistics
feature 17 of 222: u'Bahrain'
getting field values
generating zones
generating weights
summarizing statistics
summarizing statistics
summarizing statistics
summarizing statistics
feature 18 of 222: u'Bangladesh'
getting field values
generating zones
generating weights
summarizing statistics
summarizing statistics
summarizing statistics
summarizing statistics
feature 19 of 222: u'Barbados'
getting field values
generating zones
generating weights
summarizing statistics
summarizing statistics
summarizing statistics
summarizing statistics
feature 20 of 222: u'Baykonur Cosmodrome'
getting field values
generating zones
generating weights
warning: no meaningful overlap
summarizing statistics
summarizing statistics
summarizing statistics
feature 21 of 222: u'Belarus'
getting field values
generating zones
generating weights
summarizing statistics
summarizing statistics
summarizing statistics
summarizing statistics
feature 22 of 222: u'Belgium'
getting field values
generating zones
generating weights
summarizing statistics
summarizing statistics
summarizing statistics
summarizing statistics
feature 23 of 222: u'Belize'
getting field values
generating zones
generating weights
summarizing statistics
summarizing statistics
summarizing statistics
summarizing statistics
feature 24 of 222: u'Benin'
getting field values
generating zones
generating weights
summarizing statistics
summarizing statistics
summarizing statistics
summarizing statistics
feature 25 of 222: u'Bhutan'
getting field values
generating zones
generating weights
summarizing statistics
summarizing statistics
summarizing statistics
summarizing statistics
feature 26 of 222: u'Bolivia'
getting field values
generating zones
generating weights
summarizing statistics
summarizing statistics
summarizing statistics
summarizing statistics
feature 27 of 222: u'Bosnia and Herzegovina'
getting field values
generating zones
generating weights
summarizing statistics
summarizing statistics
summarizing statistics
summarizing statistics
feature 28 of 222: u'Botswana'
getting field values
generating zones
generating weights
summarizing statistics
summarizing statistics
summarizing statistics
summarizing statistics
feature 29 of 222: u'Brazil'
getting field values
generating zones
generating weights
summarizing statistics
summarizing statistics
summarizing statistics
summarizing statistics
feature 30 of 222: u'British Virgin Islands'
getting field values
generating zones
generating weights
warning: no meaningful overlap
warning: no meaningful overlap
warning: no meaningful overlap
warning: no meaningful overlap
feature 31 of 222: u'Brunei'
getting field values
generating zones
generating weights
summarizing statistics
summarizing statistics
summarizing statistics
summarizing statistics
feature 32 of 222: u'Bulgaria'
getting field values
generating zones
generating weights
summarizing statistics
summarizing statistics
summarizing statistics
summarizing statistics
feature 33 of 222: u'Burkina Faso'
getting field values
generating zones
generating weights
summarizing statistics
summarizing statistics
summarizing statistics
summarizing statistics
feature 34 of 222: u'Burundi'
getting field values
generating zones
generating weights
summarizing statistics
summarizing statistics
summarizing statistics
summarizing statistics
feature 35 of 222: u'Cambodia'
getting field values
generating zones
ERROR: ERROR 999999: Error executing function.
Failed to execute (PolygonToRaster).

feature 36 of 222: u'Cameroon'
getting field values
generating zones
ERROR: ERROR 999999: Error executing function.
Failed to execute (PolygonToRaster).

feature 37 of 222: u'Canada'
getting field values
generating zones
generating weights
summarizing statistics
summarizing statistics
summarizing statistics
summarizing statistics
feature 38 of 222: u'Cayman Islands'
getting field values
generating zones
generating weights
warning: no meaningful overlap
warning: no meaningful overlap
warning: no meaningful overlap
warning: no meaningful overlap
feature 39 of 222: u'Central African Republic'
getting field values
generating zones
generating weights
summarizing statistics
summarizing statistics
summarizing statistics
summarizing statistics
feature 40 of 222: u'Chad'
getting field values
generating zones
generating weights
summarizing statistics
summarizing statistics
summarizing statistics
summarizing statistics
feature 41 of 222: u'Chile'
getting field values
generating zones
generating weights
summarizing statistics
summarizing statistics
summarizing statistics
summarizing statistics
feature 42 of 222: u'China'
getting field values
generating zones
generating weights
summarizing statistics
summarizing statistics
summarizing statistics
summarizing statistics
feature 43 of 222: u'Colombia'
getting field values
generating zones
generating weights
summarizing statistics
summarizing statistics
summarizing statistics
summarizing statistics
feature 44 of 222: u'Comoros'
getting field values
generating zones
generating weights
summarizing statistics
summarizing statistics
summarizing statistics
summarizing statistics
feature 45 of 222: u'Costa Rica'
getting field values
generating zones
generating weights
summarizing statistics
summarizing statistics
summarizing statistics
summarizing statistics
feature 46 of 222: u'Croatia'
getting field values
generating zones
generating weights
summarizing statistics
summarizing statistics
summarizing statistics
summarizing statistics
feature 47 of 222: u'Cuba'
getting field values
generating zones
generating weights
summarizing statistics
summarizing statistics
summarizing statistics
summarizing statistics
feature 48 of 222: u'Cura\xe7ao'
getting field values
generating zones
generating weights
warning: no meaningful overlap
warning: no meaningful overlap
warning: no meaningful overlap
warning: no meaningful overlap
feature 49 of 222: u'Cyprus'
getting field values
generating zones
generating weights
summarizing statistics
summarizing statistics
summarizing statistics
summarizing statistics
feature 50 of 222: u'Cyprus No Mans Area'
getting field values
generating zones
generating weights
summarizing statistics
summarizing statistics
summarizing statistics
summarizing statistics
feature 51 of 222: u'Czech Republic'
getting field values
generating zones
generating weights
summarizing statistics
summarizing statistics
summarizing statistics
summarizing statistics
feature 52 of 222: u'Democratic Republic of the Congo'
getting field values
generating zones
generating weights
summarizing statistics
summarizing statistics
summarizing statistics
summarizing statistics
feature 53 of 222: u'Denmark'
getting field values
generating zones
generating weights
summarizing statistics
summarizing statistics
summarizing statistics
summarizing statistics
feature 54 of 222: u'Dhekelia Sovereign Base Area'
getting field values
generating zones
generating weights
summarizing statistics
summarizing statistics
summarizing statistics
summarizing statistics
feature 55 of 222: u'Djibouti'
getting field values
generating zones
generating weights
summarizing statistics
summarizing statistics
summarizing statistics
summarizing statistics
feature 56 of 222: u'Dominica'
getting field values
generating zones
generating weights
warning: no meaningful overlap
summarizing statistics
summarizing statistics
summarizing statistics
feature 57 of 222: u'Dominican Republic'
getting field values
generating zones
generating weights
summarizing statistics
summarizing statistics
summarizing statistics
summarizing statistics
feature 58 of 222: u'East Timor'
getting field values
generating zones
generating weights
summarizing statistics
summarizing statistics
summarizing statistics
summarizing statistics
feature 59 of 222: u'Ecuador'
getting field values
generating zones
generating weights
summarizing statistics
summarizing statistics
summarizing statistics
summarizing statistics
feature 60 of 222: u'Egypt'
getting field values
generating zones
generating weights
summarizing statistics
summarizing statistics
summarizing statistics
summarizing statistics
feature 61 of 222: u'El Salvador'
getting field values
generating zones
generating weights
summarizing statistics
summarizing statistics
summarizing statistics
summarizing statistics
feature 62 of 222: u'Equatorial Guinea'
getting field values
generating zones
generating weights
warning: no meaningful overlap
summarizing statistics
summarizing statistics
summarizing statistics
feature 63 of 222: u'Eritrea'
getting field values
generating zones
generating weights
summarizing statistics
summarizing statistics
summarizing statistics
summarizing statistics
feature 64 of 222: u'Estonia'
getting field values
generating zones
generating weights
summarizing statistics
summarizing statistics
summarizing statistics
summarizing statistics
feature 65 of 222: u'Ethiopia'
getting field values
generating zones
generating weights
summarizing statistics
summarizing statistics
summarizing statistics
summarizing statistics
feature 66 of 222: u'Falkland Islands'
getting field values
generating zones
generating weights
warning: no meaningful overlap
warning: no meaningful overlap
warning: no meaningful overlap
warning: no meaningful overlap
feature 67 of 222: u'Faroe Islands'
getting field values
generating zones
generating weights
warning: no meaningful overlap
warning: no meaningful overlap
warning: no meaningful overlap
warning: no meaningful overlap
feature 68 of 222: u'Finland'
getting field values
generating zones
generating weights
summarizing statistics
summarizing statistics
summarizing statistics
summarizing statistics
feature 69 of 222: u'France'
getting field values
generating zones
generating weights
summarizing statistics
summarizing statistics
summarizing statistics
summarizing statistics
feature 70 of 222: u'French Southern and Antarctic Lands'
getting field values
generating zones
warning: no data (no overlap or cell size too large)
feature 71 of 222: u'Gabon'
getting field values
generating zones
generating weights
summarizing statistics
summarizing statistics
summarizing statistics
summarizing statistics
feature 72 of 222: u'Gambia'
getting field values
generating zones
generating weights
summarizing statistics
summarizing statistics
summarizing statistics
summarizing statistics
feature 73 of 222: u'Gaza'
getting field values
generating zones
generating weights
summarizing statistics
summarizing statistics
summarizing statistics
summarizing statistics
feature 74 of 222: u'Georgia'
getting field values
generating zones
generating weights
summarizing statistics
summarizing statistics
summarizing statistics
summarizing statistics
feature 75 of 222: u'Germany'
getting field values
generating zones
generating weights
summarizing statistics
summarizing statistics
summarizing statistics
summarizing statistics
feature 76 of 222: u'Ghana'
getting field values
generating zones
generating weights
summarizing statistics
summarizing statistics
summarizing statistics
summarizing statistics
feature 77 of 222: u'Greece'
getting field values
generating zones
generating weights
summarizing statistics
summarizing statistics
summarizing statistics
summarizing statistics
feature 78 of 222: u'Grenada'
getting field values
generating zones
generating weights
warning: no meaningful overlap
warning: no meaningful overlap
warning: no meaningful overlap
warning: no meaningful overlap
feature 79 of 222: u'Guatemala'
getting field values
generating zones
generating weights
summarizing statistics
summarizing statistics
summarizing statistics
summarizing statistics
feature 80 of 222: u'Guernsey'
getting field values
generating zones
generating weights
warning: no meaningful overlap
warning: no meaningful overlap
warning: no meaningful overlap
warning: no meaningful overlap
feature 81 of 222: u'Guinea'
getting field values
generating zones
generating weights
summarizing statistics
summarizing statistics
summarizing statistics
summarizing statistics
feature 82 of 222: u'Guinea Bissau'
getting field values
generating zones
generating weights
summarizing statistics
summarizing statistics
summarizing statistics
summarizing statistics
feature 83 of 222: u'Guyana'
getting field values
generating zones
generating weights
summarizing statistics
summarizing statistics
summarizing statistics
summarizing statistics
feature 84 of 222: u'Haiti'
getting field values
generating zones
generating weights
summarizing statistics
summarizing statistics
summarizing statistics
summarizing statistics
feature 85 of 222: u'Honduras'
getting field values
generating zones
generating weights
summarizing statistics
summarizing statistics
summarizing statistics
summarizing statistics
feature 86 of 222: u'Hong Kong S.A.R.'
getting field values
generating zones
generating weights
summarizing statistics
summarizing statistics
summarizing statistics
summarizing statistics
feature 87 of 222: u'Hungary'
getting field values
generating zones
generating weights
summarizing statistics
summarizing statistics
summarizing statistics
summarizing statistics
feature 88 of 222: u'Iceland'
getting field values
generating zones
generating weights
warning: no meaningful overlap
summarizing statistics
summarizing statistics
summarizing statistics
feature 89 of 222: u'India'
getting field values
generating zones
generating weights
summarizing statistics
summarizing statistics
summarizing statistics
summarizing statistics
feature 90 of 222: u'Indonesia'
getting field values
generating zones
generating weights
summarizing statistics
summarizing statistics
summarizing statistics
summarizing statistics
feature 91 of 222: u'Iran'
getting field values
generating zones
generating weights
summarizing statistics
summarizing statistics
summarizing statistics
summarizing statistics
feature 92 of 222: u'Iraq'
getting field values
generating zones
generating weights
summarizing statistics
summarizing statistics
summarizing statistics
summarizing statistics
feature 93 of 222: u'Ireland'
getting field values
generating zones
generating weights
summarizing statistics
summarizing statistics
summarizing statistics
summarizing statistics
feature 94 of 222: u'Isle of Man'
getting field values
generating zones
generating weights
warning: no meaningful overlap
warning: no meaningful overlap
warning: no meaningful overlap
warning: no meaningful overlap
feature 95 of 222: u'Israel'
getting field values
generating zones
generating weights
summarizing statistics
summarizing statistics
summarizing statistics
summarizing statistics
feature 96 of 222: u'Italy'
getting field values
generating zones
generating weights
ZStatsTablePut: error in writing record
Zonal statistics program failed
ERROR: ERROR 999999: Error executing function.
Workspace or data source is read only.
Workspace or data source is read only.
ERROR 010067: Error in executing grid expression. Zonal statistics program failed
Failed to execute (ZonalStatisticsAsTable).

feature 97 of 222: u'Ivory Coast'
getting field values
generating zones
generating weights
summarizing statistics
summarizing statistics
summarizing statistics
summarizing statistics
feature 98 of 222: u'Jamaica'
getting field values
generating zones
generating weights
summarizing statistics
summarizing statistics
summarizing statistics
summarizing statistics
feature 99 of 222: u'Japan'
getting field values
generating zones
generating weights
summarizing statistics
summarizing statistics
summarizing statistics
summarizing statistics
feature 100 of 222: u'Jersey'
getting field values
generating zones
generating weights
warning: no meaningful overlap
warning: no meaningful overlap
warning: no meaningful overlap
warning: no meaningful overlap
feature 101 of 222: u'Jordan'
getting field values
generating zones
generating weights
summarizing statistics
summarizing statistics
summarizing statistics
summarizing statistics
feature 102 of 222: u'Kazakhstan'
getting field values
generating zones
generating weights
summarizing statistics
summarizing statistics
summarizing statistics
summarizing statistics
feature 103 of 222: u'Kenya'
getting field values
generating zones
generating weights
summarizing statistics
summarizing statistics
summarizing statistics
summarizing statistics
feature 104 of 222: u'Korea No Mans Area'
getting field values
generating zones
generating weights
summarizing statistics
summarizing statistics
summarizing statistics
summarizing statistics
feature 105 of 222: u'Kosovo'
getting field values
generating zones
generating weights
summarizing statistics
summarizing statistics
summarizing statistics
summarizing statistics
feature 106 of 222: u'Kuwait'
getting field values
generating zones
generating weights
summarizing statistics
summarizing statistics
summarizing statistics
summarizing statistics
feature 107 of 222: u'Kyrgyzstan'
getting field values
generating zones
generating weights
summarizing statistics
summarizing statistics
summarizing statistics
summarizing statistics
feature 108 of 222: u'Laos'
getting field values
generating zones
generating weights
summarizing statistics
summarizing statistics
summarizing statistics
summarizing statistics
feature 109 of 222: u'Latvia'
getting field values
generating zones
generating weights
summarizing statistics
summarizing statistics
summarizing statistics
summarizing statistics
feature 110 of 222: u'Lebanon'
getting field values
generating zones
generating weights
summarizing statistics
summarizing statistics
summarizing statistics
summarizing statistics
feature 111 of 222: u'Lesotho'
getting field values
generating zones
generating weights
summarizing statistics
summarizing statistics
summarizing statistics
summarizing statistics
feature 112 of 222: u'Liberia'
getting field values
generating zones
generating weights
summarizing statistics
summarizing statistics
summarizing statistics
summarizing statistics
feature 113 of 222: u'Libya'
getting field values
generating zones
generating weights
summarizing statistics
summarizing statistics
summarizing statistics
summarizing statistics
feature 114 of 222: u'Liechtenstein'
getting field values
generating zones
generating weights
warning: no meaningful overlap
summarizing statistics
summarizing statistics
summarizing statistics
feature 115 of 222: u'Lithuania'
getting field values
generating zones
generating weights
summarizing statistics
summarizing statistics
summarizing statistics
summarizing statistics
feature 116 of 222: u'Luxembourg'
getting field values
generating zones
generating weights
summarizing statistics
summarizing statistics
summarizing statistics
summarizing statistics
feature 117 of 222: u'Macau S.A.R'
getting field values
generating zones
generating weights
summarizing statistics
summarizing statistics
summarizing statistics
summarizing statistics
feature 118 of 222: u'Macedonia'
getting field values
generating zones
generating weights
summarizing statistics
summarizing statistics
summarizing statistics
summarizing statistics
feature 119 of 222: u'Madagascar'
getting field values
generating zones
generating weights
summarizing statistics
summarizing statistics
summarizing statistics
summarizing statistics
feature 120 of 222: u'Malawi'
getting field values
generating zones
generating weights
summarizing statistics
summarizing statistics
summarizing statistics
summarizing statistics
feature 121 of 222: u'Malaysia'
getting field values
generating zones
generating weights
summarizing statistics
summarizing statistics
summarizing statistics
summarizing statistics
feature 122 of 222: u'Maldives'
getting field values
generating zones
generating weights
warning: no meaningful overlap
warning: no meaningful overlap
warning: no meaningful overlap
warning: no meaningful overlap
feature 123 of 222: u'Mali'
getting field values
generating zones
generating weights
summarizing statistics
summarizing statistics
summarizing statistics
summarizing statistics
feature 124 of 222: u'Malta'
getting field values
generating zones
generating weights
summarizing statistics
summarizing statistics
summarizing statistics
summarizing statistics
feature 125 of 222: u'Mauritania'
getting field values
generating zones
generating weights
summarizing statistics
summarizing statistics
summarizing statistics
summarizing statistics
feature 126 of 222: u'Mexico'
getting field values
generating zones
generating weights
summarizing statistics
summarizing statistics
summarizing statistics
summarizing statistics
feature 127 of 222: u'Moldova'
getting field values
generating zones
generating weights
summarizing statistics
summarizing statistics
summarizing statistics
summarizing statistics
feature 128 of 222: u'Monaco'
getting field values
generating zones
generating weights
summarizing statistics
summarizing statistics
summarizing statistics
summarizing statistics
feature 129 of 222: u'Mongolia'
getting field values
generating zones
generating weights
summarizing statistics
summarizing statistics
summarizing statistics
summarizing statistics
feature 130 of 222: u'Montenegro'
getting field values
generating zones
generating weights
summarizing statistics
summarizing statistics
summarizing statistics
summarizing statistics
feature 131 of 222: u'Montserrat'
getting field values
generating zones
generating weights
warning: no meaningful overlap
warning: no meaningful overlap
warning: no meaningful overlap
warning: no meaningful overlap
feature 132 of 222: u'Morocco'
getting field values
generating zones
generating weights
summarizing statistics
summarizing statistics
summarizing statistics
summarizing statistics
feature 133 of 222: u'Mozambique'
getting field values
generating zones
generating weights
summarizing statistics
summarizing statistics
summarizing statistics
summarizing statistics
feature 134 of 222: u'Myanmar'
getting field values
generating zones
generating weights
summarizing statistics
summarizing statistics
summarizing statistics
summarizing statistics
feature 135 of 222: u'Namibia'
getting field values
generating zones
generating weights
summarizing statistics
summarizing statistics
summarizing statistics
summarizing statistics
feature 136 of 222: u'Nepal'
getting field values
generating zones
generating weights
summarizing statistics
summarizing statistics
summarizing statistics
summarizing statistics
feature 137 of 222: u'Netherlands'
getting field values
generating zones
generating weights
summarizing statistics
summarizing statistics
summarizing statistics
summarizing statistics
feature 138 of 222: u'New Caledonia'
getting field values
generating zones
generating weights
warning: no meaningful overlap
warning: no meaningful overlap
warning: no meaningful overlap
warning: no meaningful overlap
feature 139 of 222: u'New Zealand'
getting field values
generating zones
generating weights
summarizing statistics
summarizing statistics
summarizing statistics
summarizing statistics
feature 140 of 222: u'Nicaragua'
getting field values
generating zones
generating weights
summarizing statistics
summarizing statistics
summarizing statistics
summarizing statistics
feature 141 of 222: u'Niger'
getting field values
generating zones
generating weights
summarizing statistics
summarizing statistics
summarizing statistics
summarizing statistics
feature 142 of 222: u'Nigeria'
getting field values
generating zones
generating weights
summarizing statistics
summarizing statistics
summarizing statistics
summarizing statistics
feature 143 of 222: u'North Korea'
getting field values
generating zones
generating weights
summarizing statistics
summarizing statistics
summarizing statistics
summarizing statistics
feature 144 of 222: u'Northern Cyprus'
getting field values
generating zones
generating weights
summarizing statistics
summarizing statistics
summarizing statistics
summarizing statistics
feature 145 of 222: u'Norway'
getting field values
generating zones
generating weights
summarizing statistics
summarizing statistics
summarizing statistics
summarizing statistics
feature 146 of 222: u'Oman'
getting field values
generating zones
generating weights
summarizing statistics
summarizing statistics
summarizing statistics
summarizing statistics
feature 147 of 222: u'Pakistan'
getting field values
generating zones
generating weights
summarizing statistics
summarizing statistics
summarizing statistics
summarizing statistics
feature 148 of 222: u'Panama'
getting field values
generating zones
generating weights
summarizing statistics
summarizing statistics
summarizing statistics
summarizing statistics
feature 149 of 222: u'Papua New Guinea'
getting field values
generating zones
generating weights
warning: no meaningful overlap
summarizing statistics
summarizing statistics
summarizing statistics
feature 150 of 222: u'Paraguay'
getting field values
generating zones
generating weights
summarizing statistics
summarizing statistics
summarizing statistics
summarizing statistics
feature 151 of 222: u'Peru'
getting field values
generating zones
generating weights
summarizing statistics
summarizing statistics
summarizing statistics
summarizing statistics
feature 152 of 222: u'Philippines'
getting field values
generating zones
generating weights
summarizing statistics
summarizing statistics
summarizing statistics
summarizing statistics
feature 153 of 222: u'Poland'
getting field values
generating zones
generating weights
summarizing statistics
summarizing statistics
summarizing statistics
summarizing statistics
feature 154 of 222: u'Portugal'
getting field values
generating zones
generating weights
summarizing statistics
summarizing statistics
summarizing statistics
summarizing statistics
feature 155 of 222: u'Puerto Rico'
getting field values
generating zones
generating weights
summarizing statistics
summarizing statistics
summarizing statistics
summarizing statistics
feature 156 of 222: u'Qatar'
getting field values
generating zones
generating weights
summarizing statistics
summarizing statistics
summarizing statistics
summarizing statistics
feature 157 of 222: u'Republic of Serbia'
getting field values
generating zones
generating weights
summarizing statistics
summarizing statistics
summarizing statistics
summarizing statistics
feature 158 of 222: u'Republic of the Congo'
getting field values
generating zones
generating weights
summarizing statistics
summarizing statistics
summarizing statistics
summarizing statistics
feature 159 of 222: u'Romania'
getting field values
generating zones
generating weights
summarizing statistics
summarizing statistics
summarizing statistics
summarizing statistics
feature 160 of 222: u'Russia'
getting field values
generating zones
generating weights
summarizing statistics
summarizing statistics
summarizing statistics
summarizing statistics
feature 161 of 222: u'Rwanda'
getting field values
generating zones
generating weights
summarizing statistics
summarizing statistics
summarizing statistics
summarizing statistics
feature 162 of 222: u'Saint Barthelemy'
getting field values
generating zones
generating weights
warning: no meaningful overlap
warning: no meaningful overlap
warning: no meaningful overlap
warning: no meaningful overlap
feature 163 of 222: u'Saint Kitts and Nevis'
getting field values
generating zones
generating weights
warning: no meaningful overlap
warning: no meaningful overlap
warning: no meaningful overlap
warning: no meaningful overlap
feature 164 of 222: u'Saint Lucia'
getting field values
generating zones
generating weights
summarizing statistics
summarizing statistics
summarizing statistics
summarizing statistics
feature 165 of 222: u'Saint Martin'
getting field values
generating zones
generating weights
warning: no meaningful overlap
warning: no meaningful overlap
warning: no meaningful overlap
warning: no meaningful overlap
feature 166 of 222: u'Saint Pierre and Miquelon'
getting field values
generating zones
generating weights
warning: no meaningful overlap
warning: no meaningful overlap
warning: no meaningful overlap
warning: no meaningful overlap
feature 167 of 222: u'Saint Vincent and the Grenadines'
getting field values
generating zones
generating weights
warning: no meaningful overlap
summarizing statistics
summarizing statistics
summarizing statistics
feature 168 of 222: u'San Marino'
getting field values
generating zones
generating weights
summarizing statistics
summarizing statistics
summarizing statistics
summarizing statistics
feature 169 of 222: u'Sao Tome and Principe'
getting field values
generating zones
generating weights
warning: no meaningful overlap
warning: no meaningful overlap
warning: no meaningful overlap
warning: no meaningful overlap
feature 170 of 222: u'Saudi Arabia'
getting field values
generating zones
generating weights
summarizing statistics
summarizing statistics
summarizing statistics
summarizing statistics
feature 171 of 222: u'Senegal'
getting field values
generating zones
generating weights
summarizing statistics
summarizing statistics
summarizing statistics
summarizing statistics
feature 172 of 222: u'Seychelles'
getting field values
generating zones
generating weights
warning: no meaningful overlap
warning: no meaningful overlap
warning: no meaningful overlap
warning: no meaningful overlap
feature 173 of 222: u'Siachen Glacier'
getting field values
generating zones
generating weights
warning: no meaningful overlap
summarizing statistics
warning: no meaningful overlap
summarizing statistics
feature 174 of 222: u'Sierra Leone'
getting field values
generating zones
generating weights
summarizing statistics
summarizing statistics
summarizing statistics
summarizing statistics
feature 175 of 222: u'Singapore'
getting field values
generating zones
generating weights
warning: no meaningful overlap
summarizing statistics
summarizing statistics
summarizing statistics
feature 176 of 222: u'Sint Maarten'
getting field values
generating zones
generating weights
warning: no meaningful overlap
warning: no meaningful overlap
warning: no meaningful overlap
warning: no meaningful overlap
feature 177 of 222: u'Slovakia'
getting field values
generating zones
generating weights
summarizing statistics
summarizing statistics
summarizing statistics
summarizing statistics
feature 178 of 222: u'Slovenia'
getting field values
generating zones
generating weights
summarizing statistics
summarizing statistics
summarizing statistics
summarizing statistics
feature 179 of 222: u'Solomon Islands'
getting field values
generating zones
generating weights
warning: no meaningful overlap
warning: no meaningful overlap
warning: no meaningful overlap
warning: no meaningful overlap
feature 180 of 222: u'Somalia'
getting field values
generating zones
generating weights
summarizing statistics
summarizing statistics
summarizing statistics
summarizing statistics
feature 181 of 222: u'Somaliland'
getting field values
generating zones
generating weights
summarizing statistics
summarizing statistics
summarizing statistics
summarizing statistics
feature 182 of 222: u'South Africa'
getting field values
generating zones
generating weights
summarizing statistics
summarizing statistics
summarizing statistics
summarizing statistics
feature 183 of 222: u'South Korea'
getting field values
generating zones
generating weights
summarizing statistics
summarizing statistics
summarizing statistics
summarizing statistics
feature 184 of 222: u'South Sudan'
getting field values
generating zones
generating weights
summarizing statistics
summarizing statistics
summarizing statistics
summarizing statistics
feature 185 of 222: u'Spain'
getting field values
generating zones
generating weights
summarizing statistics
summarizing statistics
summarizing statistics
summarizing statistics
feature 186 of 222: u'Sri Lanka'
getting field values
generating zones
generating weights
summarizing statistics
summarizing statistics
summarizing statistics
summarizing statistics
feature 187 of 222: u'Sudan'
getting field values
generating zones
generating weights
summarizing statistics
summarizing statistics
summarizing statistics
summarizing statistics
feature 188 of 222: u'Suriname'
getting field values
generating zones
generating weights
summarizing statistics
summarizing statistics
summarizing statistics
summarizing statistics
feature 189 of 222: u'Swaziland'
getting field values
generating zones
generating weights
summarizing statistics
summarizing statistics
summarizing statistics
summarizing statistics
feature 190 of 222: u'Sweden'
getting field values
generating zones
generating weights
summarizing statistics
summarizing statistics
summarizing statistics
summarizing statistics
feature 191 of 222: u'Switzerland'
getting field values
generating zones
generating weights
summarizing statistics
summarizing statistics
summarizing statistics
summarizing statistics
feature 192 of 222: u'Syria'
getting field values
generating zones
generating weights
summarizing statistics
summarizing statistics
summarizing statistics
summarizing statistics
feature 193 of 222: u'Taiwan'
getting field values
generating zones
generating weights
summarizing statistics
summarizing statistics
summarizing statistics
summarizing statistics
feature 194 of 222: u'Tajikistan'
getting field values
generating zones
generating weights
summarizing statistics
summarizing statistics
summarizing statistics
summarizing statistics
feature 195 of 222: u'Tanzania'
getting field values
generating zones
generating weights
summarizing statistics
summarizing statistics
summarizing statistics
summarizing statistics
feature 196 of 222: u'Thailand'
getting field values
generating zones
generating weights
summarizing statistics
summarizing statistics
summarizing statistics
summarizing statistics
feature 197 of 222: u'The Bahamas'
getting field values
generating zones
generating weights
warning: no meaningful overlap
warning: no meaningful overlap
warning: no meaningful overlap
warning: no meaningful overlap
feature 198 of 222: u'Togo'
getting field values
generating zones
generating weights
summarizing statistics
summarizing statistics
summarizing statistics
summarizing statistics
feature 199 of 222: u'Trinidad and Tobago'
getting field values
generating zones
generating weights
summarizing statistics
summarizing statistics
summarizing statistics
summarizing statistics
feature 200 of 222: u'Tunisia'
getting field values
generating zones
generating weights
summarizing statistics
summarizing statistics
summarizing statistics
summarizing statistics
feature 201 of 222: u'Turkey'
getting field values
generating zones
generating weights
summarizing statistics
summarizing statistics
summarizing statistics
summarizing statistics
feature 202 of 222: u'Turkmenistan'
getting field values
generating zones
generating weights
summarizing statistics
summarizing statistics
summarizing statistics
summarizing statistics
feature 203 of 222: u'Turks and Caicos Islands'
getting field values
generating zones
generating weights
warning: no meaningful overlap
warning: no meaningful overlap
warning: no meaningful overlap
warning: no meaningful overlap
feature 204 of 222: u'US Naval Base Guantanamo Bay'
getting field values
generating zones
generating weights
warning: no meaningful overlap
summarizing statistics
summarizing statistics
summarizing statistics
feature 205 of 222: u'Uganda'
getting field values
generating zones
generating weights
summarizing statistics
summarizing statistics
summarizing statistics
summarizing statistics
feature 206 of 222: u'Ukraine'
getting field values
generating zones
generating weights
summarizing statistics
summarizing statistics
summarizing statistics
summarizing statistics
feature 207 of 222: u'United Arab Emirates'
getting field values
generating zones
generating weights
summarizing statistics
summarizing statistics
summarizing statistics
summarizing statistics
feature 208 of 222: u'United Kingdom'
getting field values
generating zones
generating weights
summarizing statistics
summarizing statistics
summarizing statistics
summarizing statistics
feature 209 of 222: u'United States Minor Outlying Islands'
getting field values
generating zones
generating weights
warning: no meaningful overlap
warning: no meaningful overlap
warning: no meaningful overlap
warning: no meaningful overlap
feature 210 of 222: u'United States Virgin Islands'
getting field values
generating zones
generating weights
warning: no meaningful overlap
warning: no meaningful overlap
warning: no meaningful overlap
warning: no meaningful overlap
feature 211 of 222: u'United States of America'
getting field values
generating zones
generating weights
summarizing statistics
summarizing statistics
summarizing statistics
summarizing statistics
feature 212 of 222: u'Uruguay'
getting field values
generating zones
generating weights
summarizing statistics
summarizing statistics
summarizing statistics
summarizing statistics
feature 213 of 222: u'Uzbekistan'
getting field values
generating zones
generating weights
summarizing statistics
summarizing statistics
summarizing statistics
summarizing statistics
feature 214 of 222: u'Vanuatu'
getting field values
generating zones
generating weights
warning: no meaningful overlap
warning: no meaningful overlap
warning: no meaningful overlap
warning: no meaningful overlap
feature 215 of 222: u'Vatican'
getting field values
generating zones
generating weights
summarizing statistics
summarizing statistics
summarizing statistics
summarizing statistics
feature 216 of 222: u'Venezuela'
getting field values
generating zones
generating weights
summarizing statistics
summarizing statistics
summarizing statistics
summarizing statistics
feature 217 of 222: u'Vietnam'
getting field values
generating zones
generating weights
summarizing statistics
summarizing statistics
summarizing statistics
summarizing statistics
feature 218 of 222: u'West Bank'
getting field values
generating zones
generating weights
summarizing statistics
summarizing statistics
summarizing statistics
summarizing statistics
feature 219 of 222: u'Western Sahara'
getting field values
generating zones
generating weights
warning: no meaningful overlap
summarizing statistics
summarizing statistics
summarizing statistics
feature 220 of 222: u'Yemen'
getting field values
generating zones
generating weights
summarizing statistics
summarizing statistics
summarizing statistics
summarizing statistics
feature 221 of 222: u'Zambia'
getting field values
generating zones
generating weights
summarizing statistics
summarizing statistics
summarizing statistics
summarizing statistics
feature 222 of 222: u'Zimbabwe'
getting field values
generating zones
generating weights
summarizing statistics
summarizing statistics
summarizing statistics
summarizing statistics
saving
saving aggr_country_field.csv
Elapsed time:
11:00:15.706534
complete
